c:\users\bghom\source\repos\bghomashi\game_stuff\debug\vc143.pdb
c:\users\bghom\source\repos\bghomashi\game_stuff\debug\vc143.idb
c:\users\bghom\source\repos\bghomashi\game_stuff\debug\message_queue.obj
c:\users\bghom\source\repos\bghomashi\game_stuff\debug\window.obj
c:\users\bghom\source\repos\bghomashi\game_stuff\debug\matrix_stack.obj
c:\users\bghom\source\repos\bghomashi\game_stuff\debug\engine.obj
c:\users\bghom\source\repos\bghomashi\game_stuff\debug\ability_component.obj
c:\users\bghom\source\repos\bghomashi\game_stuff\debug\app_update.obj
c:\users\bghom\source\repos\bghomashi\game_stuff\debug\app_shutdown.obj
c:\users\bghom\source\repos\bghomashi\game_stuff\debug\character_damage_state.obj
c:\users\bghom\source\repos\bghomashi\game_stuff\debug\network.obj
c:\users\bghom\source\repos\bghomashi\game_stuff\debug\client.obj
c:\users\bghom\source\repos\bghomashi\game_stuff\debug\main.obj
c:\users\bghom\source\repos\bghomashi\game_stuff\debug\client_request_connection.obj
c:\users\bghom\source\repos\bghomashi\game_stuff\debug\texture2d.obj
c:\users\bghom\source\repos\bghomashi\game_stuff\debug\framebuffer.obj
c:\users\bghom\source\repos\bghomashi\game_stuff\debug\device.obj
c:\users\bghom\source\repos\bghomashi\game_stuff\debug\convert_to_gl.obj
c:\users\bghom\source\repos\bghomashi\game_stuff\debug\character_idle_state.obj
c:\users\bghom\source\repos\bghomashi\game_stuff\debug\character_die_state.obj
c:\users\bghom\source\repos\bghomashi\game_stuff\debug\start_client_state.obj
c:\users\bghom\source\repos\bghomashi\game_stuff\debug\draw_commands.obj
c:\users\bghom\source\repos\bghomashi\game_stuff\debug\vertex_buffer.obj
c:\users\bghom\source\repos\bghomashi\game_stuff\debug\shader.obj
c:\users\bghom\source\repos\bghomashi\game_stuff\debug\combat.obj
c:\users\bghom\source\repos\bghomashi\game_stuff\debug\app_setup_hooks.obj
c:\users\bghom\source\repos\bghomashi\game_stuff\debug\app_load_resource.obj
c:\users\bghom\source\repos\bghomashi\game_stuff\debug\app_draw.obj
c:\users\bghom\source\repos\bghomashi\game_stuff\debug\sword_swipe.obj
c:\users\bghom\source\repos\bghomashi\game_stuff\debug\camera.obj
c:\users\bghom\source\repos\bghomashi\game_stuff\debug\image.obj
c:\users\bghom\source\repos\bghomashi\game_stuff\debug\sprite_renderer.obj
c:\users\bghom\source\repos\bghomashi\game_stuff\debug\tilemap.obj
c:\users\bghom\source\repos\bghomashi\game_stuff\debug\sprite_resource.obj
c:\users\bghom\source\repos\bghomashi\game_stuff\debug\sprite.obj
c:\users\bghom\source\repos\bghomashi\game_stuff\debug\atlas.obj
c:\users\bghom\source\repos\bghomashi\game_stuff\debug\uuid.obj
c:\users\bghom\source\repos\bghomashi\game_stuff\debug\timer.obj
c:\users\bghom\source\repos\bghomashi\game_stuff\debug\matrix4.obj
c:\users\bghom\source\repos\bghomashi\game_stuff\debug\logger.obj
c:\users\bghom\source\repos\bghomashi\game_stuff\debug\packet.obj
c:\users\bghom\source\repos\bghomashi\game_stuff\debug\net_message.obj
c:\users\bghom\source\repos\bghomashi\game_stuff\debug\address.obj
c:\users\bghom\source\repos\bghomashi\game_stuff\debug\server.obj
c:\users\bghom\source\repos\bghomashi\game_stuff\debug\matrix2.obj
c:\users\bghom\source\repos\bghomashi\game_stuff\debug\font.obj
c:\users\bghom\source\repos\bghomashi\game_stuff\debug\glad.obj
c:\users\bghom\source\repos\bghomashi\game_stuff\debug\glew.obj
c:\users\bghom\source\repos\bghomashi\game_stuff\debug\character_walk_state.obj
c:\users\bghom\source\repos\bghomashi\game_stuff\debug\character_attack_state.obj
c:\users\bghom\source\repos\bghomashi\game_stuff\debug\input.obj
c:\users\bghom\source\repos\bghomashi\game_stuff\debug\connection.obj
c:\users\bghom\source\repos\bghomashi\game_stuff\debug\entity_manager.obj
c:\users\bghom\source\repos\bghomashi\game_stuff\debug\action_fms_component.obj
c:\users\bghom\source\repos\bghomashi\game_stuff\debug\colors.obj
c:\users\bghom\source\repos\bghomashi\game_stuff\debug\typeid.obj
c:\users\bghom\source\repos\bghomashi\game_stuff\debug\server_state.obj
c:\users\bghom\source\repos\bghomashi\game_stuff\debug\main_client_state.obj
c:\users\bghom\source\repos\bghomashi\game_stuff\debug\app_start_up.obj
c:\users\bghom\source\repos\bghomashi\game_stuff\debug\player_move.obj
c:\users\bghom\source\repos\bghomashi\game_stuff\debug\connection.new.obj.enc
c:\users\bghom\source\repos\bghomashi\debug\game_stuff.pdb
c:\users\bghom\source\repos\bghomashi\game_stuff\debug\game_stuff.tlog\cl.command.1.tlog
c:\users\bghom\source\repos\bghomashi\game_stuff\debug\game_stuff.tlog\cl.read.1.tlog
c:\users\bghom\source\repos\bghomashi\game_stuff\debug\game_stuff.tlog\cl.write.1.tlog
c:\users\bghom\source\repos\bghomashi\game_stuff\debug\game_stuff.tlog\link.1768-cvtres.read.1.tlog
c:\users\bghom\source\repos\bghomashi\game_stuff\debug\game_stuff.tlog\link.1768-cvtres.write.1.tlog
c:\users\bghom\source\repos\bghomashi\game_stuff\debug\game_stuff.tlog\link.1768-rc.read.1.tlog
c:\users\bghom\source\repos\bghomashi\game_stuff\debug\game_stuff.tlog\link.1768-rc.write.1.tlog
c:\users\bghom\source\repos\bghomashi\game_stuff\debug\game_stuff.tlog\link.1768.read.1.tlog
c:\users\bghom\source\repos\bghomashi\game_stuff\debug\game_stuff.tlog\link.1768.write.1.tlog
c:\users\bghom\source\repos\bghomashi\game_stuff\debug\game_stuff.tlog\link.command.1.tlog
c:\users\bghom\source\repos\bghomashi\game_stuff\debug\game_stuff.tlog\link.read.1.tlog
c:\users\bghom\source\repos\bghomashi\game_stuff\debug\game_stuff.tlog\link.write.1.tlog
