  server_state.cpp
C:\Users\bghom\source\repos\bghomashi\game_stuff\src\game\server_state\server_state.cpp(94,19): warning C4018: '<': signed/unsigned mismatch
C:\Users\bghom\source\repos\bghomashi\game_stuff\src\game\server_state\server_state.cpp(105,27): warning C4018: '<': signed/unsigned mismatch
C:\Users\bghom\source\repos\bghomashi\game_stuff\src\game\server_state\server_state.cpp(129,37): warning C4244: 'argument': conversion from 'unsigned int' to 'T', possible loss of data
          with
          [
              T=float
          ]
C:\Users\bghom\source\repos\bghomashi\game_stuff\src\game\server_state\server_state.cpp(130,37): warning C4244: 'argument': conversion from 'unsigned int' to 'T', possible loss of data
          with
          [
              T=float
          ]
C:\Users\bghom\source\repos\bghomashi\game_stuff\src\game\server_state\server_state.cpp(199,23): warning C4018: '<': signed/unsigned mismatch
C:\Users\bghom\source\repos\bghomashi\game_stuff\inc\engine\ecs\entity.h(101,27): warning C4018: '<': signed/unsigned mismatch
C:\Users\bghom\source\repos\bghomashi\game_stuff\inc\engine\ecs\entity.h(81): message : see reference to function template instantiation 'void EntityManager::Remove<T>(EntityID)' being compiled
          with
          [
              T=TransformComponent
          ]
C:\Users\bghom\source\repos\bghomashi\game_stuff\src\game\server_state\server_state.cpp(227): message : see reference to function template instantiation 'ComponentID EntityManager::Add<TransformComponent,Vec2,float,Vec2,float>(EntityID,Vec2,float,Vec2,float)' being compiled
  game_stuff.vcxproj -> C:\Users\bghom\source\repos\bghomashi\Debug\game_stuff.exe
