  glew.c
  glad.c
  Generating Code...
  ability_component.cpp
  action_fms_component.cpp
  entity_manager.cpp
  typeid.cpp
  engine.cpp
C:\Users\bghom\source\repos\bghomashi\game_stuff\inc\engine\utility\UUID.h(29,1): warning C4267: 'return': conversion from 'size_t' to 'unsigned int', possible loss of data
C:\Users\bghom\source\repos\bghomashi\game_stuff\src\engine\engine.cpp(26,30): warning C4244: 'argument': conversion from 'double' to 'T', possible loss of data
          with
          [
              T=float
          ]
  colors.cpp
  convert_to_gl.cpp
C:\Users\bghom\source\repos\bghomashi\game_stuff\inc\engine\graphics\glw\matrix_stack.h(5,10): fatal error C1083: Cannot open include file: 'utility/matrix4.h': No such file or directory
  device.cpp
C:\Users\bghom\source\repos\bghomashi\game_stuff\inc\engine\graphics\glw\matrix_stack.h(5,10): fatal error C1083: Cannot open include file: 'utility/matrix4.h': No such file or directory
  draw_commands.cpp
C:\Program Files (x86)\Windows Kits\10\Include\10.0.19041.0\um\GL\gl.h(1157,11): error C2144: syntax error: 'void' should be preceded by ';'
C:\Program Files (x86)\Windows Kits\10\Include\10.0.19041.0\um\GL\gl.h(1157,16): error C4430: missing type specifier - int assumed. Note: C++ does not support default-int
C:\Program Files (x86)\Windows Kits\10\Include\10.0.19041.0\um\GL\gl.h(1157,16): error C2182: 'APIENTRY': illegal use of type 'void'
C:\Program Files (x86)\Windows Kits\10\Include\10.0.19041.0\um\GL\gl.h(1157,25): error C2146: syntax error: missing ';' before identifier 'glAccum'
C:\Program Files (x86)\Windows Kits\10\Include\10.0.19041.0\um\GL\gl.h(1157,59): error C4430: missing type specifier - int assumed. Note: C++ does not support default-int
C:\Program Files (x86)\Windows Kits\10\Include\10.0.19041.0\um\GL\gl.h(1158,11): error C2144: syntax error: 'void' should be preceded by ';'
C:\Program Files (x86)\Windows Kits\10\Include\10.0.19041.0\um\GL\gl.h(1158,16): error C4430: missing type specifier - int assumed. Note: C++ does not support default-int
C:\Program Files (x86)\Windows Kits\10\Include\10.0.19041.0\um\GL\gl.h(1158,1): error C2086: 'int WINGDIAPI': redefinition
C:\Program Files (x86)\Windows Kits\10\Include\10.0.19041.0\um\GL\gl.h(1157): message : see declaration of 'WINGDIAPI'
C:\Program Files (x86)\Windows Kits\10\Include\10.0.19041.0\um\GL\gl.h(1158,16): error C2182: 'APIENTRY': illegal use of type 'void'
C:\Program Files (x86)\Windows Kits\10\Include\10.0.19041.0\um\GL\gl.h(1158,16): error C2086: 'int APIENTRY': redefinition
C:\Program Files (x86)\Windows Kits\10\Include\10.0.19041.0\um\GL\gl.h(1157): message : see declaration of 'APIENTRY'
C:\Program Files (x86)\Windows Kits\10\Include\10.0.19041.0\um\GL\gl.h(1158,25): error C2146: syntax error: missing ';' before identifier 'glAlphaFunc'
C:\Program Files (x86)\Windows Kits\10\Include\10.0.19041.0\um\GL\gl.h(1158,64): error C4430: missing type specifier - int assumed. Note: C++ does not support default-int
C:\Program Files (x86)\Windows Kits\10\Include\10.0.19041.0\um\GL\gl.h(1159,21): error C4430: missing type specifier - int assumed. Note: C++ does not support default-int
C:\Program Files (x86)\Windows Kits\10\Include\10.0.19041.0\um\GL\gl.h(1159,1): error C2086: 'int WINGDIAPI': redefinition
C:\Program Files (x86)\Windows Kits\10\Include\10.0.19041.0\um\GL\gl.h(1157): message : see declaration of 'WINGDIAPI'
C:\Program Files (x86)\Windows Kits\10\Include\10.0.19041.0\um\GL\gl.h(1159,11): error C2146: syntax error: missing ';' before identifier 'GLboolean'
C:\Program Files (x86)\Windows Kits\10\Include\10.0.19041.0\um\GL\gl.h(1160,11): error C2144: syntax error: 'void' should be preceded by ';'
C:\Program Files (x86)\Windows Kits\10\Include\10.0.19041.0\um\GL\gl.h(1160,16): error C4430: missing type specifier - int assumed. Note: C++ does not support default-int
C:\Program Files (x86)\Windows Kits\10\Include\10.0.19041.0\um\GL\gl.h(1160,1): error C2086: 'int WINGDIAPI': redefinition
C:\Program Files (x86)\Windows Kits\10\Include\10.0.19041.0\um\GL\gl.h(1157): message : see declaration of 'WINGDIAPI'
C:\Program Files (x86)\Windows Kits\10\Include\10.0.19041.0\um\GL\gl.h(1160,16): error C2182: 'APIENTRY': illegal use of type 'void'
C:\Program Files (x86)\Windows Kits\10\Include\10.0.19041.0\um\GL\gl.h(1160,16): error C2086: 'int APIENTRY': redefinition
C:\Program Files (x86)\Windows Kits\10\Include\10.0.19041.0\um\GL\gl.h(1157): message : see declaration of 'APIENTRY'
C:\Program Files (x86)\Windows Kits\10\Include\10.0.19041.0\um\GL\gl.h(1160,25): error C2146: syntax error: missing ';' before identifier 'glArrayElement'
C:\Program Files (x86)\Windows Kits\10\Include\10.0.19041.0\um\GL\gl.h(1160,49): error C4430: missing type specifier - int assumed. Note: C++ does not support default-int
C:\Program Files (x86)\Windows Kits\10\Include\10.0.19041.0\um\GL\gl.h(1161,11): error C2144: syntax error: 'void' should be preceded by ';'
C:\Program Files (x86)\Windows Kits\10\Include\10.0.19041.0\um\GL\gl.h(1161,16): error C4430: missing type specifier - int assumed. Note: C++ does not support default-int
C:\Program Files (x86)\Windows Kits\10\Include\10.0.19041.0\um\GL\gl.h(1161,1): error C2086: 'int WINGDIAPI': redefinition
C:\Program Files (x86)\Windows Kits\10\Include\10.0.19041.0\um\GL\gl.h(1157): message : see declaration of 'WINGDIAPI'
C:\Program Files (x86)\Windows Kits\10\Include\10.0.19041.0\um\GL\gl.h(1161,16): error C2182: 'APIENTRY': illegal use of type 'void'
C:\Program Files (x86)\Windows Kits\10\Include\10.0.19041.0\um\GL\gl.h(1161,16): error C2086: 'int APIENTRY': redefinition
C:\Program Files (x86)\Windows Kits\10\Include\10.0.19041.0\um\GL\gl.h(1157): message : see declaration of 'APIENTRY'
C:\Program Files (x86)\Windows Kits\10\Include\10.0.19041.0\um\GL\gl.h(1161,25): error C2146: syntax error: missing ';' before identifier 'glBegin'
C:\Program Files (x86)\Windows Kits\10\Include\10.0.19041.0\um\GL\gl.h(1161,46): error C4430: missing type specifier - int assumed. Note: C++ does not support default-int
C:\Program Files (x86)\Windows Kits\10\Include\10.0.19041.0\um\GL\gl.h(1162,11): error C2144: syntax error: 'void' should be preceded by ';'
C:\Program Files (x86)\Windows Kits\10\Include\10.0.19041.0\um\GL\gl.h(1162,16): error C4430: missing type specifier - int assumed. Note: C++ does not support default-int
C:\Program Files (x86)\Windows Kits\10\Include\10.0.19041.0\um\GL\gl.h(1162,1): error C2086: 'int WINGDIAPI': redefinition
C:\Program Files (x86)\Windows Kits\10\Include\10.0.19041.0\um\GL\gl.h(1157): message : see declaration of 'WINGDIAPI'
C:\Program Files (x86)\Windows Kits\10\Include\10.0.19041.0\um\GL\gl.h(1162,16): error C2182: 'APIENTRY': illegal use of type 'void'
C:\Program Files (x86)\Windows Kits\10\Include\10.0.19041.0\um\GL\gl.h(1162,16): error C2086: 'int APIENTRY': redefinition
C:\Program Files (x86)\Windows Kits\10\Include\10.0.19041.0\um\GL\gl.h(1157): message : see declaration of 'APIENTRY'
C:\Program Files (x86)\Windows Kits\10\Include\10.0.19041.0\um\GL\gl.h(1162,25): error C2146: syntax error: missing ';' before identifier 'glBindTexture'
C:\Program Files (x86)\Windows Kits\10\Include\10.0.19041.0\um\GL\gl.h(1162,70): error C4430: missing type specifier - int assumed. Note: C++ does not support default-int
C:\Program Files (x86)\Windows Kits\10\Include\10.0.19041.0\um\GL\gl.h(1163,11): error C2144: syntax error: 'void' should be preceded by ';'
C:\Program Files (x86)\Windows Kits\10\Include\10.0.19041.0\um\GL\gl.h(1163,16): error C4430: missing type specifier - int assumed. Note: C++ does not support default-int
C:\Program Files (x86)\Windows Kits\10\Include\10.0.19041.0\um\GL\gl.h(1163,1): error C2086: 'int WINGDIAPI': redefinition
C:\Program Files (x86)\Windows Kits\10\Include\10.0.19041.0\um\GL\gl.h(1157): message : see declaration of 'WINGDIAPI'
C:\Program Files (x86)\Windows Kits\10\Include\10.0.19041.0\um\GL\gl.h(1163,16): error C2182: 'APIENTRY': illegal use of type 'void'
C:\Program Files (x86)\Windows Kits\10\Include\10.0.19041.0\um\GL\gl.h(1163,16): error C2086: 'int APIENTRY': redefinition
C:\Program Files (x86)\Windows Kits\10\Include\10.0.19041.0\um\GL\gl.h(1157): message : see declaration of 'APIENTRY'
C:\Program Files (x86)\Windows Kits\10\Include\10.0.19041.0\um\GL\gl.h(1163,25): error C2146: syntax error: missing ';' before identifier 'glBitmap'
C:\Program Files (x86)\Windows Kits\10\Include\10.0.19041.0\um\GL\gl.h(1163,148): error C4430: missing type specifier - int assumed. Note: C++ does not support default-int
C:\Program Files (x86)\Windows Kits\10\Include\10.0.19041.0\um\GL\gl.h(1164,11): error C2144: syntax error: 'void' should be preceded by ';'
C:\Program Files (x86)\Windows Kits\10\Include\10.0.19041.0\um\GL\gl.h(1164,16): error C4430: missing type specifier - int assumed. Note: C++ does not support default-int
C:\Program Files (x86)\Windows Kits\10\Include\10.0.19041.0\um\GL\gl.h(1164,1): error C2086: 'int WINGDIAPI': redefinition
C:\Program Files (x86)\Windows Kits\10\Include\10.0.19041.0\um\GL\gl.h(1157): message : see declaration of 'WINGDIAPI'
C:\Program Files (x86)\Windows Kits\10\Include\10.0.19041.0\um\GL\gl.h(1164,16): error C2182: 'APIENTRY': illegal use of type 'void'
C:\Program Files (x86)\Windows Kits\10\Include\10.0.19041.0\um\GL\gl.h(1164,16): error C2086: 'int APIENTRY': redefinition
C:\Program Files (x86)\Windows Kits\10\Include\10.0.19041.0\um\GL\gl.h(1157): message : see declaration of 'APIENTRY'
C:\Program Files (x86)\Windows Kits\10\Include\10.0.19041.0\um\GL\gl.h(1164,25): error C2146: syntax error: missing ';' before identifier 'glBlendFunc'
C:\Program Files (x86)\Windows Kits\10\Include\10.0.19041.0\um\GL\gl.h(1164,69): error C4430: missing type specifier - int assumed. Note: C++ does not support default-int
C:\Program Files (x86)\Windows Kits\10\Include\10.0.19041.0\um\GL\gl.h(1165,11): error C2144: syntax error: 'void' should be preceded by ';'
C:\Program Files (x86)\Windows Kits\10\Include\10.0.19041.0\um\GL\gl.h(1165,16): error C4430: missing type specifier - int assumed. Note: C++ does not support default-int
C:\Program Files (x86)\Windows Kits\10\Include\10.0.19041.0\um\GL\gl.h(1165,1): error C2086: 'int WINGDIAPI': redefinition
C:\Program Files (x86)\Windows Kits\10\Include\10.0.19041.0\um\GL\gl.h(1157): message : see declaration of 'WINGDIAPI'
C:\Program Files (x86)\Windows Kits\10\Include\10.0.19041.0\um\GL\gl.h(1165,16): error C2182: 'APIENTRY': illegal use of type 'void'
C:\Program Files (x86)\Windows Kits\10\Include\10.0.19041.0\um\GL\gl.h(1165,16): error C2086: 'int APIENTRY': redefinition
C:\Program Files (x86)\Windows Kits\10\Include\10.0.19041.0\um\GL\gl.h(1157): message : see declaration of 'APIENTRY'
C:\Program Files (x86)\Windows Kits\10\Include\10.0.19041.0\um\GL\gl.h(1165,25): error C2146: syntax error: missing ';' before identifier 'glCallList'
C:\Program Files (x86)\Windows Kits\10\Include\10.0.19041.0\um\GL\gl.h(1165,49): error C4430: missing type specifier - int assumed. Note: C++ does not support default-int
C:\Program Files (x86)\Windows Kits\10\Include\10.0.19041.0\um\GL\gl.h(1166,11): error C2144: syntax error: 'void' should be preceded by ';'
C:\Program Files (x86)\Windows Kits\10\Include\10.0.19041.0\um\GL\gl.h(1166,16): error C4430: missing type specifier - int assumed. Note: C++ does not support default-int
C:\Program Files (x86)\Windows Kits\10\Include\10.0.19041.0\um\GL\gl.h(1166,1): error C2086: 'int WINGDIAPI': redefinition
C:\Program Files (x86)\Windows Kits\10\Include\10.0.19041.0\um\GL\gl.h(1157): message : see declaration of 'WINGDIAPI'
C:\Program Files (x86)\Windows Kits\10\Include\10.0.19041.0\um\GL\gl.h(1166,16): error C2182: 'APIENTRY': illegal use of type 'void'
C:\Program Files (x86)\Windows Kits\10\Include\10.0.19041.0\um\GL\gl.h(1166,16): error C2086: 'int APIENTRY': redefinition
C:\Program Files (x86)\Windows Kits\10\Include\10.0.19041.0\um\GL\gl.h(1157): message : see declaration of 'APIENTRY'
C:\Program Files (x86)\Windows Kits\10\Include\10.0.19041.0\um\GL\gl.h(1166,25): error C2146: syntax error: missing ';' before identifier 'glCallLists'
C:\Program Files (x86)\Windows Kits\10\Include\10.0.19041.0\um\GL\gl.h(1166,82): error C4430: missing type specifier - int assumed. Note: C++ does not support default-int
C:\Program Files (x86)\Windows Kits\10\Include\10.0.19041.0\um\GL\gl.h(1167,11): error C2144: syntax error: 'void' should be preceded by ';'
C:\Program Files (x86)\Windows Kits\10\Include\10.0.19041.0\um\GL\gl.h(1167,16): error C4430: missing type specifier - int assumed. Note: C++ does not support default-int
C:\Program Files (x86)\Windows Kits\10\Include\10.0.19041.0\um\GL\gl.h(1167,1): error C2086: 'int WINGDIAPI': redefinition
C:\Program Files (x86)\Windows Kits\10\Include\10.0.19041.0\um\GL\gl.h(1157): message : see declaration of 'WINGDIAPI'
C:\Program Files (x86)\Windows Kits\10\Include\10.0.19041.0\um\GL\gl.h(1167,16): error C2182: 'APIENTRY': illegal use of type 'void'
C:\Program Files (x86)\Windows Kits\10\Include\10.0.19041.0\um\GL\gl.h(1167,16): error C2086: 'int APIENTRY': redefinition
C:\Program Files (x86)\Windows Kits\10\Include\10.0.19041.0\um\GL\gl.h(1157): message : see declaration of 'APIENTRY'
C:\Program Files (x86)\Windows Kits\10\Include\10.0.19041.0\um\GL\gl.h(1167,25): error C2146: syntax error: missing ';' before identifier 'glClear'
C:\Program Files (x86)\Windows Kits\10\Include\10.0.19041.0\um\GL\gl.h(1167,50): error C4430: missing type specifier - int assumed. Note: C++ does not support default-int
C:\Program Files (x86)\Windows Kits\10\Include\10.0.19041.0\um\GL\gl.h(1168,11): error C2144: syntax error: 'void' should be preceded by ';'
C:\Program Files (x86)\Windows Kits\10\Include\10.0.19041.0\um\GL\gl.h(1168,16): error C4430: missing type specifier - int assumed. Note: C++ does not support default-int
C:\Program Files (x86)\Windows Kits\10\Include\10.0.19041.0\um\GL\gl.h(1168,1): error C2086: 'int WINGDIAPI': redefinition
C:\Program Files (x86)\Windows Kits\10\Include\10.0.19041.0\um\GL\gl.h(1157): message : see declaration of 'WINGDIAPI'
C:\Program Files (x86)\Windows Kits\10\Include\10.0.19041.0\um\GL\gl.h(1168,16): error C2182: 'APIENTRY': illegal use of type 'void'
C:\Program Files (x86)\Windows Kits\10\Include\10.0.19041.0\um\GL\gl.h(1168,16): error C2086: 'int APIENTRY': redefinition
C:\Program Files (x86)\Windows Kits\10\Include\10.0.19041.0\um\GL\gl.h(1157): message : see declaration of 'APIENTRY'
C:\Program Files (x86)\Windows Kits\10\Include\10.0.19041.0\um\GL\gl.h(1168,25): error C2146: syntax error: missing ';' before identifier 'glClearAccum'
C:\Program Files (x86)\Windows Kits\10\Include\10.0.19041.0\um\GL\gl.h(1168,95): error C4430: missing type specifier - int assumed. Note: C++ does not support default-int
C:\Program Files (x86)\Windows Kits\10\Include\10.0.19041.0\um\GL\gl.h(1169,11): error C2144: syntax error: 'void' should be preceded by ';'
C:\Program Files (x86)\Windows Kits\10\Include\10.0.19041.0\um\GL\gl.h(1169,16): error C4430: missing type specifier - int assumed. Note: C++ does not support default-int
C:\Program Files (x86)\Windows Kits\10\Include\10.0.19041.0\um\GL\gl.h(1169,1): error C2086: 'int WINGDIAPI': redefinition
C:\Program Files (x86)\Windows Kits\10\Include\10.0.19041.0\um\GL\gl.h(1157): message : see declaration of 'WINGDIAPI'
C:\Program Files (x86)\Windows Kits\10\Include\10.0.19041.0\um\GL\gl.h(1169,16): error C2182: 'APIENTRY': illegal use of type 'void'
C:\Program Files (x86)\Windows Kits\10\Include\10.0.19041.0\um\GL\gl.h(1169,16): error C2086: 'int APIENTRY': redefinition
C:\Program Files (x86)\Windows Kits\10\Include\10.0.19041.0\um\GL\gl.h(1157): message : see declaration of 'APIENTRY'
C:\Program Files (x86)\Windows Kits\10\Include\10.0.19041.0\um\GL\gl.h(1169,25): error C2146: syntax error: missing ';' before identifier 'glClearColor'
C:\Program Files (x86)\Windows Kits\10\Include\10.0.19041.0\um\GL\gl.h(1169,99): error C4430: missing type specifier - int assumed. Note: C++ does not support default-int
C:\Program Files (x86)\Windows Kits\10\Include\10.0.19041.0\um\GL\gl.h(1170,11): error C2144: syntax error: 'void' should be preceded by ';'
C:\Program Files (x86)\Windows Kits\10\Include\10.0.19041.0\um\GL\gl.h(1170,16): error C4430: missing type specifier - int assumed. Note: C++ does not support default-int
C:\Program Files (x86)\Windows Kits\10\Include\10.0.19041.0\um\GL\gl.h(1170,1): error C2086: 'int WINGDIAPI': redefinition
C:\Program Files (x86)\Windows Kits\10\Include\10.0.19041.0\um\GL\gl.h(1157): message : see declaration of 'WINGDIAPI'
C:\Program Files (x86)\Windows Kits\10\Include\10.0.19041.0\um\GL\gl.h(1170,16): error C2182: 'APIENTRY': illegal use of type 'void'
C:\Program Files (x86)\Windows Kits\10\Include\10.0.19041.0\um\GL\gl.h(1170,16): error C2086: 'int APIENTRY': redefinition
C:\Program Files (x86)\Windows Kits\10\Include\10.0.19041.0\um\GL\gl.h(1157): message : see declaration of 'APIENTRY'
C:\Program Files (x86)\Windows Kits\10\Include\10.0.19041.0\um\GL\gl.h(1170,25): error C2146: syntax error: missing ';' before identifier 'glClearDepth'
C:\Program Files (x86)\Windows Kits\10\Include\10.0.19041.0\um\GL\gl.h(1170,54): error C4430: missing type specifier - int assumed. Note: C++ does not support default-int
C:\Program Files (x86)\Windows Kits\10\Include\10.0.19041.0\um\GL\gl.h(1171,11): error C2144: syntax error: 'void' should be preceded by ';'
C:\Program Files (x86)\Windows Kits\10\Include\10.0.19041.0\um\GL\gl.h(1171,16): error C4430: missing type specifier - int assumed. Note: C++ does not support default-int
C:\Program Files (x86)\Windows Kits\10\Include\10.0.19041.0\um\GL\gl.h(1171,1): error C2086: 'int WINGDIAPI': redefinition
C:\Program Files (x86)\Windows Kits\10\Include\10.0.19041.0\um\GL\gl.h(1157): message : see declaration of 'WINGDIAPI'
C:\Program Files (x86)\Windows Kits\10\Include\10.0.19041.0\um\GL\gl.h(1171,16): error C2182: 'APIENTRY': illegal use of type 'void'
C:\Program Files (x86)\Windows Kits\10\Include\10.0.19041.0\um\GL\gl.h(1171,16): error C2086: 'int APIENTRY': redefinition
C:\Program Files (x86)\Windows Kits\10\Include\10.0.19041.0\um\GL\gl.h(1157): message : see declaration of 'APIENTRY'
C:\Program Files (x86)\Windows Kits\10\Include\10.0.19041.0\um\GL\gl.h(1171,25): error C2146: syntax error: missing ';' before identifier 'glClearIndex'
C:\Program Files (x86)\Windows Kits\10\Include\10.0.19041.0\um\GL\gl.h(1171,49): error C4430: missing type specifier - int assumed. Note: C++ does not support default-int
C:\Program Files (x86)\Windows Kits\10\Include\10.0.19041.0\um\GL\gl.h(1172,11): error C2144: syntax error: 'void' should be preceded by ';'
C:\Program Files (x86)\Windows Kits\10\Include\10.0.19041.0\um\GL\gl.h(1172,16): error C4430: missing type specifier - int assumed. Note: C++ does not support default-int
C:\Program Files (x86)\Windows Kits\10\Include\10.0.19041.0\um\GL\gl.h(1172,1): error C2086: 'int WINGDIAPI': redefinition
C:\Program Files (x86)\Windows Kits\10\Include\10.0.19041.0\um\GL\gl.h(1157): message : see declaration of 'WINGDIAPI'
C:\Program Files (x86)\Windows Kits\10\Include\10.0.19041.0\um\GL\gl.h(1172,16): error C2182: 'APIENTRY': illegal use of type 'void'
C:\Program Files (x86)\Windows Kits\10\Include\10.0.19041.0\um\GL\gl.h(1172,16): error C2086: 'int APIENTRY': redefinition
C:\Program Files (x86)\Windows Kits\10\Include\10.0.19041.0\um\GL\gl.h(1157): message : see declaration of 'APIENTRY'
C:\Program Files (x86)\Windows Kits\10\Include\10.0.19041.0\um\GL\gl.h(1172,25): error C2146: syntax error: missing ';' before identifier 'glClearStencil'
C:\Program Files (x86)\Windows Kits\10\Include\10.0.19041.0\um\GL\gl.h(1172,49): error C4430: missing type specifier - int assumed. Note: C++ does not support default-int
C:\Program Files (x86)\Windows Kits\10\Include\10.0.19041.0\um\GL\gl.h(1173,11): error C2144: syntax error: 'void' should be preceded by ';'
C:\Program Files (x86)\Windows Kits\10\Include\10.0.19041.0\um\GL\gl.h(1173,16): error C4430: missing type specifier - int assumed. Note: C++ does not support default-int
C:\Program Files (x86)\Windows Kits\10\Include\10.0.19041.0\um\GL\gl.h(1173,1): error C2086: 'int WINGDIAPI': redefinition
C:\Program Files (x86)\Windows Kits\10\Include\10.0.19041.0\um\GL\gl.h(1157): message : see declaration of 'WINGDIAPI'
C:\Program Files (x86)\Windows Kits\10\Include\10.0.19041.0\um\GL\gl.h(1173,16): error C2182: 'APIENTRY': illegal use of type 'void'
C:\Program Files (x86)\Windows Kits\10\Include\10.0.19041.0\um\GL\gl.h(1173,16): error C2086: 'int APIENTRY': redefinition
C:\Program Files (x86)\Windows Kits\10\Include\10.0.19041.0\um\GL\gl.h(1157): message : see declaration of 'APIENTRY'
C:\Program Files (x86)\Windows Kits\10\Include\10.0.19041.0\um\GL\gl.h(1173,25): error C2146: syntax error: missing ';' before identifier 'glClipPlane'
C:\Program Files (x86)\Windows Kits\10\Include\10.0.19041.0\um\GL\gl.h(1173,77): error C4430: missing type specifier - int assumed. Note: C++ does not support default-int
C:\Program Files (x86)\Windows Kits\10\Include\10.0.19041.0\um\GL\gl.h(1174,11): error C2144: syntax error: 'void' should be preceded by ';'
C:\Program Files (x86)\Windows Kits\10\Include\10.0.19041.0\um\GL\gl.h(1174,16): error C4430: missing type specifier - int assumed. Note: C++ does not support default-int
C:\Program Files (x86)\Windows Kits\10\Include\10.0.19041.0\um\GL\gl.h(1174,1): error C2086: 'int WINGDIAPI': redefinition
C:\Program Files (x86)\Windows Kits\10\Include\10.0.19041.0\um\GL\gl.h(1157): message : see declaration of 'WINGDIAPI'
C:\Program Files (x86)\Windows Kits\10\Include\10.0.19041.0\um\GL\gl.h(1174,16): error C2182: 'APIENTRY': illegal use of type 'void'
C:\Program Files (x86)\Windows Kits\10\Include\10.0.19041.0\um\GL\gl.h(1174,16): error C2086: 'int APIENTRY': redefinition
C:\Program Files (x86)\Windows Kits\10\Include\10.0.19041.0\um\GL\gl.h(1157): message : see declaration of 'APIENTRY'
C:\Program Files (x86)\Windows Kits\10\Include\10.0.19041.0\um\GL\gl.h(1174,25): error C2146: syntax error: missing ';' before identifier 'glColor3b'
C:\Program Files (x86)\Windows Kits\10\Include\10.0.19041.0\um\GL\gl.h(1174,74): error C4430: missing type specifier - int assumed. Note: C++ does not support default-int
C:\Program Files (x86)\Windows Kits\10\Include\10.0.19041.0\um\GL\gl.h(1175,11): error C2144: syntax error: 'void' should be preceded by ';'
C:\Program Files (x86)\Windows Kits\10\Include\10.0.19041.0\um\GL\gl.h(1175,16): error C4430: missing type specifier - int assumed. Note: C++ does not support default-int
C:\Program Files (x86)\Windows Kits\10\Include\10.0.19041.0\um\GL\gl.h(1175,1): error C2086: 'int WINGDIAPI': redefinition
C:\Program Files (x86)\Windows Kits\10\Include\10.0.19041.0\um\GL\gl.h(1157): message : see declaration of 'WINGDIAPI'
C:\Program Files (x86)\Windows Kits\10\Include\10.0.19041.0\um\GL\gl.h(1175,16): error C2182: 'APIENTRY': illegal use of type 'void'
C:\Program Files (x86)\Windows Kits\10\Include\10.0.19041.0\um\GL\gl.h(1175,16): error C2086: 'int APIENTRY': redefinition
C:\Program Files (x86)\Windows Kits\10\Include\10.0.19041.0\um\GL\gl.h(1157): message : see declaration of 'APIENTRY'
C:\Program Files (x86)\Windows Kits\10\Include\10.0.19041.0\um\GL\gl.h(1175,25): error C2146: syntax error: missing ';' before identifier 'glColor3bv'
C:\Program Files (x86)\Windows Kits\10\Include\10.0.19041.0\um\GL\gl.h(1175,53): error C4430: missing type specifier - int assumed. Note: C++ does not support default-int
C:\Program Files (x86)\Windows Kits\10\Include\10.0.19041.0\um\GL\gl.h(1176,11): error C2144: syntax error: 'void' should be preceded by ';'
C:\Program Files (x86)\Windows Kits\10\Include\10.0.19041.0\um\GL\gl.h(1176,16): error C4430: missing type specifier - int assumed. Note: C++ does not support default-int
C:\Program Files (x86)\Windows Kits\10\Include\10.0.19041.0\um\GL\gl.h(1176,1): error C2086: 'int WINGDIAPI': redefinition
C:\Program Files (x86)\Windows Kits\10\Include\10.0.19041.0\um\GL\gl.h(1157): message : see declaration of 'WINGDIAPI'
C:\Program Files (x86)\Windows Kits\10\Include\10.0.19041.0\um\GL\gl.h(1176,16): error C2182: 'APIENTRY': illegal use of type 'void'
C:\Program Files (x86)\Windows Kits\10\Include\10.0.19041.0\um\GL\gl.h(1176,16): error C2086: 'int APIENTRY': redefinition
C:\Program Files (x86)\Windows Kits\10\Include\10.0.19041.0\um\GL\gl.h(1157): message : see declaration of 'APIENTRY'
C:\Program Files (x86)\Windows Kits\10\Include\10.0.19041.0\um\GL\gl.h(1176,25): error C2146: syntax error: missing ';' before identifier 'glColor3d'
C:\Program Files (x86)\Windows Kits\10\Include\10.0.19041.0\um\GL\gl.h(1176,80): error C4430: missing type specifier - int assumed. Note: C++ does not support default-int
C:\Program Files (x86)\Windows Kits\10\Include\10.0.19041.0\um\GL\gl.h(1177,11): error C2144: syntax error: 'void' should be preceded by ';'
C:\Program Files (x86)\Windows Kits\10\Include\10.0.19041.0\um\GL\gl.h(1177,16): error C4430: missing type specifier - int assumed. Note: C++ does not support default-int
C:\Program Files (x86)\Windows Kits\10\Include\10.0.19041.0\um\GL\gl.h(1177,1): error C2086: 'int WINGDIAPI': redefinition
C:\Program Files (x86)\Windows Kits\10\Include\10.0.19041.0\um\GL\gl.h(1157): message : see declaration of 'WINGDIAPI'
C:\Program Files (x86)\Windows Kits\10\Include\10.0.19041.0\um\GL\gl.h(1177,16): error C2182: 'APIENTRY': illegal use of type 'void'
C:\Program Files (x86)\Windows Kits\10\Include\10.0.19041.0\um\GL\gl.h(1177,16): error C2086: 'int APIENTRY': redefinition
C:\Program Files (x86)\Windows Kits\10\Include\10.0.19041.0\um\GL\gl.h(1157): message : see declaration of 'APIENTRY'
C:\Program Files (x86)\Windows Kits\10\Include\10.0.19041.0\um\GL\gl.h(1177,25): error C2146: syntax error: missing ';' before identifier 'glColor3dv'
C:\Program Files (x86)\Windows Kits\10\Include\10.0.19041.0\um\GL\gl.h(1177,55): error C4430: missing type specifier - int assumed. Note: C++ does not support default-int
C:\Program Files (x86)\Windows Kits\10\Include\10.0.19041.0\um\GL\gl.h(1178,11): error C2144: syntax error: 'void' should be preceded by ';'
C:\Program Files (x86)\Windows Kits\10\Include\10.0.19041.0\um\GL\gl.h(1178,16): fatal error C1003: error count exceeds 100; stopping compilation
  font.cpp
C:\Users\bghom\source\repos\bghomashi\game_stuff\inc\engine\graphics\glw\draw_commands.h(9,10): fatal error C1083: Cannot open include file: 'utility/vector2.h': No such file or directory
  framebuffer.cpp
C:\Users\bghom\source\repos\bghomashi\game_stuff\inc\engine\graphics\glw\matrix_stack.h(5,10): fatal error C1083: Cannot open include file: 'utility/matrix4.h': No such file or directory
  image.cpp
C:\Users\bghom\source\repos\bghomashi\game_stuff\src\engine\graphics\glw\image.cpp(1,10): fatal error C1083: Cannot open include file: 'utility/image.h': No such file or directory
  matrix_stack.cpp
C:\Users\bghom\source\repos\bghomashi\game_stuff\inc\engine\graphics\glw\matrix_stack.h(5,10): fatal error C1083: Cannot open include file: 'utility/matrix4.h': No such file or directory
  shader.cpp
C:\Users\bghom\source\repos\bghomashi\game_stuff\src\engine\graphics\glw\shader.cpp(2,10): fatal error C1083: Cannot open include file: 'utility/logger.h': No such file or directory
  texture2d.cpp
C:\Users\bghom\source\repos\bghomashi\game_stuff\inc\engine\graphics\glw\matrix_stack.h(5,10): fatal error C1083: Cannot open include file: 'utility/matrix4.h': No such file or directory
  vertex_buffer.cpp
C:\Users\bghom\source\repos\bghomashi\game_stuff\src\engine\graphics\glw\vertex_buffer.cpp(2,10): fatal error C1083: Cannot open include file: 'utility/logger.h': No such file or directory
  window.cpp
  atlas.cpp
C:\Users\bghom\source\repos\bghomashi\game_stuff\src\engine\graphics\objects\atlas.cpp(1,10): fatal error C1083: Cannot open include file: 'graphics/objects/atlas.h': No such file or directory
  camera.cpp
C:\Users\bghom\source\repos\bghomashi\game_stuff\inc\engine\graphics\objects\camera.h(3,10): fatal error C1083: Cannot open include file: 'utility/vector2.h': No such file or directory
  sprite.cpp
C:\Users\bghom\source\repos\bghomashi\game_stuff\src\engine\graphics\objects\sprite.cpp(1,10): fatal error C1083: Cannot open include file: 'graphics/objects/sprite.h': No such file or directory
  Generating Code...
  Compiling...
  sprite_resource.cpp
C:\Users\bghom\source\repos\bghomashi\game_stuff\src\engine\graphics\objects\sprite_resource.cpp(4,10): fatal error C1083: Cannot open include file: 'graphics/objects/sprite.h': No such file or directory
  tilemap.cpp
C:\Users\bghom\source\repos\bghomashi\game_stuff\src\engine\graphics\objects\tilemap.cpp(3,10): fatal error C1083: Cannot open include file: 'graphics/objects/tilemap.h': No such file or directory
  input.cpp
C:\Users\bghom\source\repos\bghomashi\game_stuff\inc\engine\graphics\glw\matrix_stack.h(5,10): fatal error C1083: Cannot open include file: 'utility/matrix4.h': No such file or directory
  message_queue.cpp
C:\Users\bghom\source\repos\bghomashi\game_stuff\src\engine\messages\message_queue.cpp(12,36): warning C4267: 'initializing': conversion from 'size_t' to 'int', possible loss of data
  address.cpp
C:\Users\bghom\source\repos\bghomashi\game_stuff\inc\engine\utility\UUID.h(29,1): warning C4267: 'return': conversion from 'size_t' to 'unsigned int', possible loss of data
C:\Program Files (x86)\Windows Kits\10\Include\10.0.19041.0\shared\rpcdce.h(83,14): error C2371: 'UUID': redefinition; different basic types
C:\Users\bghom\source\repos\bghomashi\game_stuff\inc\engine\utility\UUID.h(7): message : see declaration of 'UUID'
  client.cpp
C:\Users\bghom\source\repos\bghomashi\game_stuff\inc\engine\utility\UUID.h(29,1): warning C4267: 'return': conversion from 'size_t' to 'unsigned int', possible loss of data
C:\Users\bghom\source\repos\bghomashi\game_stuff\src\engine\network\client.cpp(51,42): warning C4018: '<': signed/unsigned mismatch
  connection.cpp
C:\Users\bghom\source\repos\bghomashi\game_stuff\inc\engine\utility\UUID.h(29,1): warning C4267: 'return': conversion from 'size_t' to 'unsigned int', possible loss of data
C:\Program Files (x86)\Windows Kits\10\Include\10.0.19041.0\shared\rpcdce.h(83,14): error C2371: 'UUID': redefinition; different basic types
C:\Users\bghom\source\repos\bghomashi\game_stuff\inc\engine\utility\UUID.h(7): message : see declaration of 'UUID'
C:\Users\bghom\source\repos\bghomashi\game_stuff\src\engine\network\connection.cpp(37,27): warning C4244: '=': conversion from 'SOCKET' to 'int', possible loss of data
C:\Users\bghom\source\repos\bghomashi\game_stuff\src\engine\network\connection.cpp(67,27): warning C4244: '=': conversion from 'SOCKET' to 'int', possible loss of data
C:\Users\bghom\source\repos\bghomashi\game_stuff\src\engine\network\connection.cpp(94,16): error C2664: 'int sendto(SOCKET,const char *,int,int,const sockaddr *,int)': cannot convert argument 2 from 'const _Ty *' to 'const char *'
          with
          [
              _Ty=uint8_t
          ]
C:\Users\bghom\source\repos\bghomashi\game_stuff\src\engine\network\connection.cpp(95,17): message : Types pointed to are unrelated; conversion requires reinterpret_cast, C-style cast or parenthesized function-style cast
C:\Program Files (x86)\Windows Kits\10\Include\10.0.19041.0\um\WinSock2.h(2100,1): message : see declaration of 'sendto'
C:\Users\bghom\source\repos\bghomashi\game_stuff\src\engine\network\connection.cpp(100,29): error C2131: expression did not evaluate to a constant
C:\Users\bghom\source\repos\bghomashi\game_stuff\src\engine\network\connection.cpp(100,29): message : failure was caused by non-constant arguments or reference to a non-constant symbol
C:\Users\bghom\source\repos\bghomashi\game_stuff\src\engine\network\connection.cpp(100,29): message : see usage of 'MAX_SIZE'
  network.cpp
C:\Users\bghom\source\repos\bghomashi\game_stuff\inc\engine\utility\UUID.h(29,1): warning C4267: 'return': conversion from 'size_t' to 'unsigned int', possible loss of data
  net_message.cpp
C:\Users\bghom\source\repos\bghomashi\game_stuff\inc\engine\utility\UUID.h(29,1): warning C4267: 'return': conversion from 'size_t' to 'unsigned int', possible loss of data
C:\Users\bghom\source\repos\bghomashi\game_stuff\src\engine\network\net_message.cpp(16,35): warning C4267: 'initializing': conversion from 'size_t' to 'int', possible loss of data
C:\Users\bghom\source\repos\bghomashi\game_stuff\src\engine\network\net_message.cpp(25,37): warning C4267: '=': conversion from 'size_t' to 'uint32_t', possible loss of data
  packet.cpp
C:\Users\bghom\source\repos\bghomashi\game_stuff\inc\engine\utility\UUID.h(29,1): warning C4267: 'return': conversion from 'size_t' to 'unsigned int', possible loss of data
C:\Users\bghom\source\repos\bghomashi\game_stuff\src\engine\network\packet.cpp(5,28): warning C4267: 'initializing': conversion from 'size_t' to 'int', possible loss of data
  server.cpp
C:\Users\bghom\source\repos\bghomashi\game_stuff\inc\engine\utility\UUID.h(29,1): warning C4267: 'return': conversion from 'size_t' to 'unsigned int', possible loss of data
C:\Users\bghom\source\repos\bghomashi\game_stuff\src\engine\network\server.cpp(64,42): warning C4018: '<': signed/unsigned mismatch
  sprite_renderer.cpp
C:\Users\bghom\source\repos\bghomashi\game_stuff\inc\engine\graphics\objects\sprite.h(4,10): fatal error C1083: Cannot open include file: 'graphics/objects/atlas.h': No such file or directory
  logger.cpp
C:\Users\bghom\source\repos\bghomashi\game_stuff\src\engine\utility\logger.cpp(3,10): fatal error C1083: Cannot open include file: 'utility/logger.h': No such file or directory
  matrix2.cpp
C:\Users\bghom\source\repos\bghomashi\game_stuff\src\engine\utility\matrix2.cpp(2,10): fatal error C1083: Cannot open include file: 'utility/matrix2.h': No such file or directory
  matrix4.cpp
C:\Users\bghom\source\repos\bghomashi\game_stuff\src\engine\utility\matrix4.cpp(1,10): fatal error C1083: Cannot open include file: 'utility/matrix4.h': No such file or directory
  timer.cpp
C:\Users\bghom\source\repos\bghomashi\game_stuff\src\engine\utility\timer.cpp(1,10): fatal error C1083: Cannot open include file: 'utility/timer.h': No such file or directory
  UUID.cpp
C:\Users\bghom\source\repos\bghomashi\game_stuff\src\engine\utility\UUID.cpp(1,10): fatal error C1083: Cannot open include file: 'utility/UUID.h': No such file or directory
  sword_swipe.cpp
C:\Users\bghom\source\repos\bghomashi\game_stuff\inc\game\combat\combat.h(6,10): fatal error C1083: Cannot open include file: 'utility/rectangle.h': No such file or directory
  character_attack_state.cpp
C:\Users\bghom\source\repos\bghomashi\game_stuff\inc\engine\utility\UUID.h(29,1): warning C4267: 'return': conversion from 'size_t' to 'unsigned int', possible loss of data
C:\Users\bghom\source\repos\bghomashi\game_stuff\src\game\action_states\character_attack_state.cpp(25,49): error C2065: 'M_PI': undeclared identifier
  character_damage_state.cpp
C:\Users\bghom\source\repos\bghomashi\game_stuff\inc\engine\utility\UUID.h(29,1): warning C4267: 'return': conversion from 'size_t' to 'unsigned int', possible loss of data
  Generating Code...
  Compiling...
  character_die_state.cpp
C:\Users\bghom\source\repos\bghomashi\game_stuff\inc\engine\utility\UUID.h(29,1): warning C4267: 'return': conversion from 'size_t' to 'unsigned int', possible loss of data
  character_idle_state.cpp
C:\Users\bghom\source\repos\bghomashi\game_stuff\inc\engine\utility\UUID.h(29,1): warning C4267: 'return': conversion from 'size_t' to 'unsigned int', possible loss of data
  character_walk_state.cpp
C:\Users\bghom\source\repos\bghomashi\game_stuff\inc\engine\utility\UUID.h(29,1): warning C4267: 'return': conversion from 'size_t' to 'unsigned int', possible loss of data
C:\Users\bghom\source\repos\bghomashi\game_stuff\src\game\action_states\character_walk_state.cpp(41,53): error C2065: 'M_PI': undeclared identifier
  app_draw.cpp
C:\Users\bghom\source\repos\bghomashi\game_stuff\inc\engine\utility\UUID.h(29,1): warning C4267: 'return': conversion from 'size_t' to 'unsigned int', possible loss of data
C:\Users\bghom\source\repos\bghomashi\game_stuff\inc\game\combat\combat.h(6,10): fatal error C1083: Cannot open include file: 'utility/rectangle.h': No such file or directory
  app_load_resource.cpp
C:\Users\bghom\source\repos\bghomashi\game_stuff\inc\engine\utility\UUID.h(29,1): warning C4267: 'return': conversion from 'size_t' to 'unsigned int', possible loss of data
C:\Users\bghom\source\repos\bghomashi\game_stuff\inc\game\combat\combat.h(6,10): fatal error C1083: Cannot open include file: 'utility/rectangle.h': No such file or directory
  app_setup_hooks.cpp
C:\Users\bghom\source\repos\bghomashi\game_stuff\inc\engine\utility\UUID.h(29,1): warning C4267: 'return': conversion from 'size_t' to 'unsigned int', possible loss of data
C:\Users\bghom\source\repos\bghomashi\game_stuff\inc\game\combat\combat.h(6,10): fatal error C1083: Cannot open include file: 'utility/rectangle.h': No such file or directory
  app_shutdown.cpp
C:\Users\bghom\source\repos\bghomashi\game_stuff\inc\engine\utility\UUID.h(29,1): warning C4267: 'return': conversion from 'size_t' to 'unsigned int', possible loss of data
  app_start_up.cpp
C:\Users\bghom\source\repos\bghomashi\game_stuff\inc\engine\utility\UUID.h(29,1): warning C4267: 'return': conversion from 'size_t' to 'unsigned int', possible loss of data
C:\Users\bghom\source\repos\bghomashi\game_stuff\inc\game\combat\combat.h(6,10): fatal error C1083: Cannot open include file: 'utility/rectangle.h': No such file or directory
  app_update.cpp
C:\Users\bghom\source\repos\bghomashi\game_stuff\inc\engine\utility\UUID.h(29,1): warning C4267: 'return': conversion from 'size_t' to 'unsigned int', possible loss of data
  main_client_state.cpp
C:\Users\bghom\source\repos\bghomashi\game_stuff\inc\engine\utility\UUID.h(29,1): warning C4267: 'return': conversion from 'size_t' to 'unsigned int', possible loss of data
C:\Users\bghom\source\repos\bghomashi\game_stuff\inc\engine\graphics\objects\sprite.h(4,10): fatal error C1083: Cannot open include file: 'graphics/objects/atlas.h': No such file or directory
  start_client_state.cpp
C:\Users\bghom\source\repos\bghomashi\game_stuff\inc\engine\utility\UUID.h(29,1): warning C4267: 'return': conversion from 'size_t' to 'unsigned int', possible loss of data
C:\Users\bghom\source\repos\bghomashi\game_stuff\inc\engine\utility\matrix4.h(4,10): fatal error C1083: Cannot open include file: 'utility/vector3.h': No such file or directory
  combat.cpp
C:\Users\bghom\source\repos\bghomashi\game_stuff\inc\game\combat\combat.h(6,10): fatal error C1083: Cannot open include file: 'utility/rectangle.h': No such file or directory
  client_request_connection.cpp
C:\Users\bghom\source\repos\bghomashi\game_stuff\inc\engine\utility\UUID.h(29,1): warning C4267: 'return': conversion from 'size_t' to 'unsigned int', possible loss of data
C:\Users\bghom\source\repos\bghomashi\game_stuff\inc\engine\network\network.h(37,1): warning C4267: '=': conversion from 'size_t' to 'uint32_t', possible loss of data
C:\Users\bghom\source\repos\bghomashi\game_stuff\src\game\server_state\client_request_connection.cpp(16): message : see reference to function template instantiation 'Net::message &Net::operator <<<char[6]>(Net::message &,const DT (&))' being compiled
          with
          [
              DT=char [6]
          ]
  server_state.cpp
C:\Users\bghom\source\repos\bghomashi\game_stuff\inc\engine\utility\UUID.h(29,1): warning C4267: 'return': conversion from 'size_t' to 'unsigned int', possible loss of data
C:\Users\bghom\source\repos\bghomashi\game_stuff\inc\engine\utility\matrix4.h(4,10): fatal error C1083: Cannot open include file: 'utility/vector3.h': No such file or directory
  main.cpp
C:\Users\bghom\source\repos\bghomashi\game_stuff\inc\engine\utility\UUID.h(29,1): warning C4267: 'return': conversion from 'size_t' to 'unsigned int', possible loss of data
  Generating Code...
